<?xml version="1.0" encoding="UTF-8"?>
<!-- Generated by org.testng.reporters.JUnitXMLReporter -->
<testsuite hostname="DESKTOP-H6OT06O" ignored="0" name="Test" tests="8" failures="2" timestamp="19 Oct 2021 04:29:09 GMT" time="61.109" errors="0">
  <testcase name="testUrl" time="22.545" classname="loginTs.loginTC"/>
  <testcase name="InvalidNumber" time="1.246" classname="loginTs.loginTC"/>
  <testcase name="InvalidNumberAlphabets" time="1.068" classname="loginTs.loginTC"/>
  <testcase name="InvalidNumberSpecialChar" time="0.862" classname="loginTs.loginTC"/>
  <testcase name="NoNumber" time="0.447" classname="loginTs.loginTC"/>
  <testcase name="InvalidNumber2" time="0.848" classname="loginTs.loginTC"/>
  <testcase name="InvalidOTP" time="30.23" classname="loginTs.loginTC">
    <failure type="java.lang.AssertionError" message="expected [Please enter a valid OTP] but found [Some error occurred, please try again.]">
      <![CDATA[java.lang.AssertionError: expected [Please enter a valid OTP] but found [Some error occurred, please try again.]
at loginTs.loginTC.InvalidOTP(loginTC.java:141)
... Removed 31 stack frames]]>
    </failure>
  </testcase> <!-- InvalidOTP -->
  <testcase name="ValidOTP" time="1.148" classname="loginTs.loginTC">
    <failure type="org.openqa.selenium.ElementClickInterceptedException" message="element click intercepted: Element &amp;lt;span class=&amp;quot;header-sprite user-icon gr-append-right5&amp;quot;&amp;gt;&amp;lt;/span&amp;gt; is not clickable at point (870, 32). Other element would receive the click: &amp;lt;div class=&amp;quot;cm__modalBackdrop&amp;quot; aria-hidden=&amp;quot;true&amp;quot;&amp;gt;&amp;lt;/div&amp;gt;
  (Session info: chrome=94.0.4606.81)
Build info: version: &amp;apos;3.141.59&amp;apos;, revision: &amp;apos;e82be7d358&amp;apos;, time: &amp;apos;2018-11-14T08:17:03&amp;apos;
System info: host: &amp;apos;DESKTOP-H6OT06O&amp;apos;, ip: &amp;apos;192.168.56.1&amp;apos;, os.name: &amp;apos;Windows 10&amp;apos;, os.arch: &amp;apos;amd64&amp;apos;, os.version: &amp;apos;10.0&amp;apos;, java.version: &amp;apos;1.8.0_301&amp;apos;
Driver info: org.openqa.selenium.chrome.ChromeDriver
Capabilities {acceptInsecureCerts: false, browserName: chrome, browserVersion: 94.0.4606.81, chrome: {chromedriverVersion: 94.0.4606.61 (418b78f5838ed..., userDataDir: C:\Users\Dell\AppData\Local...}, goog:chromeOptions: {debuggerAddress: localhost:64443}, javascriptEnabled: true, networkConnectionEnabled: false, pageLoadStrategy: normal, platform: WINDOWS, platformName: WINDOWS, proxy: Proxy(), setWindowRect: true, strictFileInteractability: false, timeouts: {implicit: 0, pageLoad: 300000, script: 30000}, unhandledPromptBehavior: dismiss and notify, webauthn:extension:credBlob: true, webauthn:extension:largeBlob: true, webauthn:virtualAuthenticators: true}
Session ID: cce2d6b88d387a5c63b1f4b06cc7399f">
      <![CDATA[org.openqa.selenium.ElementClickInterceptedException: element click intercepted: Element <span class="header-sprite user-icon gr-append-right5"></span> is not clickable at point (870, 32). Other element would receive the click: <div class="cm__modalBackdrop" aria-hidden="true"></div>
  (Session info: chrome=94.0.4606.81)
Build info: version: '3.141.59', revision: 'e82be7d358', time: '2018-11-14T08:17:03'
System info: host: 'DESKTOP-H6OT06O', ip: '192.168.56.1', os.name: 'Windows 10', os.arch: 'amd64', os.version: '10.0', java.version: '1.8.0_301'
Driver info: org.openqa.selenium.chrome.ChromeDriver
Capabilities {acceptInsecureCerts: false, browserName: chrome, browserVersion: 94.0.4606.81, chrome: {chromedriverVersion: 94.0.4606.61 (418b78f5838ed..., userDataDir: C:\Users\Dell\AppData\Local...}, goog:chromeOptions: {debuggerAddress: localhost:64443}, javascriptEnabled: true, networkConnectionEnabled: false, pageLoadStrategy: normal, platform: WINDOWS, platformName: WINDOWS, proxy: Proxy(), setWindowRect: true, strictFileInteractability: false, timeouts: {implicit: 0, pageLoad: 300000, script: 30000}, unhandledPromptBehavior: dismiss and notify, webauthn:extension:credBlob: true, webauthn:extension:largeBlob: true, webauthn:virtualAuthenticators: true}
Session ID: cce2d6b88d387a5c63b1f4b06cc7399f
at org.openqa.selenium.remote.http.W3CHttpResponseCodec.createException(W3CHttpResponseCodec.java:187)
at org.openqa.selenium.remote.http.W3CHttpResponseCodec.decode(W3CHttpResponseCodec.java:122)
at org.openqa.selenium.remote.http.W3CHttpResponseCodec.decode(W3CHttpResponseCodec.java:49)
at org.openqa.selenium.remote.HttpCommandExecutor.execute(HttpCommandExecutor.java:158)
at org.openqa.selenium.remote.service.DriverCommandExecutor.execute(DriverCommandExecutor.java:83)
at org.openqa.selenium.remote.RemoteWebDriver.execute(RemoteWebDriver.java:552)
at org.openqa.selenium.remote.RemoteWebElement.execute(RemoteWebElement.java:285)
at org.openqa.selenium.remote.RemoteWebElement.click(RemoteWebElement.java:84)
at login.loginElements.clickLogin(loginElements.java:44)
at loginTs.loginTC.ValidOTP(loginTC.java:155)
... Removed 29 stack frames]]>
    </failure>
  </testcase> <!-- ValidOTP -->
</testsuite> <!-- Test -->
