<?xml version="1.0" encoding="UTF-8"?>
<!-- Generated by org.testng.reporters.JUnitXMLReporter -->
<testsuite hostname="DESKTOP-H6OT06O" ignored="0" name="Default test" tests="12" failures="0" timestamp="20 Oct 2021 08:34:27 GMT" time="35.738" errors="0">
  <testcase name="Url1" time="7.655" classname="hotelTS.hotelTC"/>
  <testcase name="withoutEnteringLocation" time="2.5" classname="hotelTS.hotelTC"/>
  <testcase name="testingSearchPageWithNoRooms" time="3.978" classname="hotelTS.hotelTC"/>
  <testcase name="testingSearchPageWithNoAdults" time="0.273" classname="hotelTS.hotelTC"/>
  <testcase name="testingSearchPageWithMaxRooms" time="3.413" classname="hotelTS.hotelTC"/>
  <testcase name="testingSearchPageWithMoreThan16Adults" time="0.942" classname="hotelTS.hotelTC"/>
  <testcase name="childLimit" time="0.214" classname="hotelTS.hotelTC"/>
  <testcase name="testingSearchPageWithValidDetails" time="1.059" classname="hotelTS.hotelTC"/>
  <testcase name="bookHotelWithNoName" time="6.425" classname="hotelTS.hotelTC"/>
  <testcase name="bookHotelWithInvalidEmail" time="1.687" classname="hotelTS.hotelTC"/>
  <testcase name="bookHotelWithValidEmail" time="1.215" classname="hotelTS.hotelTC"/>
  <testcase name="bookHotelWithValidDetails" time="1.283" classname="hotelTS.hotelTC"/>
</testsuite> <!-- Default test -->
