<?xml version="1.0" encoding="UTF-8"?>
<!-- Generated by org.testng.reporters.JUnitXMLReporter -->
<testsuite hostname="DESKTOP-H6OT06O" ignored="0" name="Test" tests="3" failures="0" timestamp="19 Oct 2021 04:55:43 GMT" time="34.04" errors="0">
  <testcase name="chromeBrowser" time="8.731" classname="com.compatibility.CompatibilityTestRunner"/>
  <testcase name="firefoxBrowser" time="11.431" classname="com.compatibility.CompatibilityTestRunner"/>
  <testcase name="edgeBrowser" time="10.884" classname="com.compatibility.CompatibilityTestRunner"/>
</testsuite> <!-- Test -->
