<?xml version="1.0" encoding="UTF-8"?>
<testng-results skipped="0" failed="0" ignored="0" total="12" passed="12">
  <reporter-output>
  </reporter-output>
  <suite name="Default suite" duration-ms="35738" started-at="2021-10-20T08:33:51Z" finished-at="2021-10-20T08:34:27Z">
    <groups>
    </groups>
    <test name="Default test" duration-ms="35738" started-at="2021-10-20T08:33:51Z" finished-at="2021-10-20T08:34:27Z">
      <class name="hotelTS.hotelTC">
        <test-method status="PASS" signature="beforeSuite()[pri:0, instance:hotelTS.hotelTC@21de60b4]" name="beforeSuite" is-config="true" duration-ms="164" started-at="2021-10-20T08:33:51Z" finished-at="2021-10-20T08:33:51Z">
          <reporter-output>
          </reporter-output>
        </test-method> <!-- beforeSuite -->
        <test-method status="PASS" signature="beforeTest()[pri:0, instance:hotelTS.hotelTC@21de60b4]" name="beforeTest" is-config="true" duration-ms="1907" started-at="2021-10-20T08:33:51Z" finished-at="2021-10-20T08:33:53Z">
          <reporter-output>
          </reporter-output>
        </test-method> <!-- beforeTest -->
        <test-method status="PASS" signature="Url1()[pri:1, instance:hotelTS.hotelTC@21de60b4]" name="Url1" duration-ms="7655" started-at="2021-10-20T08:33:53Z" finished-at="2021-10-20T08:34:01Z">
          <reporter-output>
          </reporter-output>
        </test-method> <!-- Url1 -->
        <test-method status="PASS" signature="flush()[pri:0, instance:hotelTS.hotelTC@21de60b4]" name="flush" is-config="true" duration-ms="847" started-at="2021-10-20T08:34:01Z" finished-at="2021-10-20T08:34:02Z">
          <reporter-output>
          </reporter-output>
        </test-method> <!-- flush -->
        <test-method status="PASS" signature="withoutEnteringLocation()[pri:2, instance:hotelTS.hotelTC@21de60b4]" name="withoutEnteringLocation" duration-ms="2500" started-at="2021-10-20T08:34:02Z" description="Without entering Location" depends-on-methods="hotelTS.hotelTC.Url1" finished-at="2021-10-20T08:34:04Z">
          <reporter-output>
          </reporter-output>
        </test-method> <!-- withoutEnteringLocation -->
        <test-method status="PASS" signature="flush()[pri:0, instance:hotelTS.hotelTC@21de60b4]" name="flush" is-config="true" duration-ms="138" started-at="2021-10-20T08:34:04Z" finished-at="2021-10-20T08:34:04Z">
          <reporter-output>
          </reporter-output>
        </test-method> <!-- flush -->
        <test-method status="PASS" signature="testingSearchPageWithNoRooms()[pri:3, instance:hotelTS.hotelTC@21de60b4]" name="testingSearchPageWithNoRooms" duration-ms="3978" started-at="2021-10-20T08:34:04Z" description="Testing Search page with no rooms" depends-on-methods="hotelTS.hotelTC.withoutEnteringLocation" finished-at="2021-10-20T08:34:08Z">
          <reporter-output>
          </reporter-output>
        </test-method> <!-- testingSearchPageWithNoRooms -->
        <test-method status="PASS" signature="flush()[pri:0, instance:hotelTS.hotelTC@21de60b4]" name="flush" is-config="true" duration-ms="141" started-at="2021-10-20T08:34:08Z" finished-at="2021-10-20T08:34:08Z">
          <reporter-output>
          </reporter-output>
        </test-method> <!-- flush -->
        <test-method status="PASS" signature="testingSearchPageWithNoAdults()[pri:4, instance:hotelTS.hotelTC@21de60b4]" name="testingSearchPageWithNoAdults" duration-ms="273" started-at="2021-10-20T08:34:08Z" description="Testing Search page with no adults" depends-on-methods="hotelTS.hotelTC.testingSearchPageWithNoRooms" finished-at="2021-10-20T08:34:09Z">
          <reporter-output>
          </reporter-output>
        </test-method> <!-- testingSearchPageWithNoAdults -->
        <test-method status="PASS" signature="flush()[pri:0, instance:hotelTS.hotelTC@21de60b4]" name="flush" is-config="true" duration-ms="149" started-at="2021-10-20T08:34:09Z" finished-at="2021-10-20T08:34:09Z">
          <reporter-output>
          </reporter-output>
        </test-method> <!-- flush -->
        <test-method status="PASS" signature="testingSearchPageWithMaxRooms()[pri:5, instance:hotelTS.hotelTC@21de60b4]" name="testingSearchPageWithMaxRooms" duration-ms="3413" started-at="2021-10-20T08:34:09Z" description="Testing Search page with max rooms" depends-on-methods="hotelTS.hotelTC.testingSearchPageWithNoAdults" finished-at="2021-10-20T08:34:12Z">
          <reporter-output>
          </reporter-output>
        </test-method> <!-- testingSearchPageWithMaxRooms -->
        <test-method status="PASS" signature="flush()[pri:0, instance:hotelTS.hotelTC@21de60b4]" name="flush" is-config="true" duration-ms="100" started-at="2021-10-20T08:34:12Z" finished-at="2021-10-20T08:34:12Z">
          <reporter-output>
          </reporter-output>
        </test-method> <!-- flush -->
        <test-method status="PASS" signature="testingSearchPageWithMoreThan16Adults()[pri:6, instance:hotelTS.hotelTC@21de60b4]" name="testingSearchPageWithMoreThan16Adults" duration-ms="942" started-at="2021-10-20T08:34:12Z" description="Testing Search page with more than 16 adults" depends-on-methods="hotelTS.hotelTC.testingSearchPageWithMaxRooms" finished-at="2021-10-20T08:34:13Z">
          <reporter-output>
          </reporter-output>
        </test-method> <!-- testingSearchPageWithMoreThan16Adults -->
        <test-method status="PASS" signature="flush()[pri:0, instance:hotelTS.hotelTC@21de60b4]" name="flush" is-config="true" duration-ms="126" started-at="2021-10-20T08:34:13Z" finished-at="2021-10-20T08:34:14Z">
          <reporter-output>
          </reporter-output>
        </test-method> <!-- flush -->
        <test-method status="PASS" signature="childLimit()[pri:7, instance:hotelTS.hotelTC@21de60b4]" name="childLimit" duration-ms="214" started-at="2021-10-20T08:34:14Z" description="child limit" depends-on-methods="hotelTS.hotelTC.testingSearchPageWithMoreThan16Adults" finished-at="2021-10-20T08:34:14Z">
          <reporter-output>
          </reporter-output>
        </test-method> <!-- childLimit -->
        <test-method status="PASS" signature="flush()[pri:0, instance:hotelTS.hotelTC@21de60b4]" name="flush" is-config="true" duration-ms="110" started-at="2021-10-20T08:34:14Z" finished-at="2021-10-20T08:34:14Z">
          <reporter-output>
          </reporter-output>
        </test-method> <!-- flush -->
        <test-method status="PASS" signature="testingSearchPageWithValidDetails()[pri:8, instance:hotelTS.hotelTC@21de60b4]" name="testingSearchPageWithValidDetails" duration-ms="1059" started-at="2021-10-20T08:34:14Z" description="Testing Search page with valid details" depends-on-methods="hotelTS.hotelTC.childLimit" finished-at="2021-10-20T08:34:15Z">
          <reporter-output>
          </reporter-output>
        </test-method> <!-- testingSearchPageWithValidDetails -->
        <test-method status="PASS" signature="flush()[pri:0, instance:hotelTS.hotelTC@21de60b4]" name="flush" is-config="true" duration-ms="162" started-at="2021-10-20T08:34:15Z" finished-at="2021-10-20T08:34:15Z">
          <reporter-output>
          </reporter-output>
        </test-method> <!-- flush -->
        <test-method status="PASS" signature="bookHotelWithNoName()[pri:9, instance:hotelTS.hotelTC@21de60b4]" name="bookHotelWithNoName" duration-ms="6425" started-at="2021-10-20T08:34:15Z" description="Booking Hotel without entering First or Middle Name" depends-on-methods="hotelTS.hotelTC.testingSearchPageWithValidDetails" finished-at="2021-10-20T08:34:21Z">
          <reporter-output>
          </reporter-output>
        </test-method> <!-- bookHotelWithNoName -->
        <test-method status="PASS" signature="flush()[pri:0, instance:hotelTS.hotelTC@21de60b4]" name="flush" is-config="true" duration-ms="86" started-at="2021-10-20T08:34:21Z" finished-at="2021-10-20T08:34:22Z">
          <reporter-output>
          </reporter-output>
        </test-method> <!-- flush -->
        <test-method status="PASS" signature="bookHotelWithInvalidEmail()[pri:10, instance:hotelTS.hotelTC@21de60b4]" name="bookHotelWithInvalidEmail" duration-ms="1687" started-at="2021-10-20T08:34:22Z" description="Booking Hotel with invalid email" depends-on-methods="hotelTS.hotelTC.bookHotelWithNoName" finished-at="2021-10-20T08:34:23Z">
          <reporter-output>
          </reporter-output>
        </test-method> <!-- bookHotelWithInvalidEmail -->
        <test-method status="PASS" signature="flush()[pri:0, instance:hotelTS.hotelTC@21de60b4]" name="flush" is-config="true" duration-ms="89" started-at="2021-10-20T08:34:23Z" finished-at="2021-10-20T08:34:23Z">
          <reporter-output>
          </reporter-output>
        </test-method> <!-- flush -->
        <test-method status="PASS" signature="bookHotelWithValidEmail()[pri:11, instance:hotelTS.hotelTC@21de60b4]" name="bookHotelWithValidEmail" duration-ms="1215" started-at="2021-10-20T08:34:23Z" description="Booking Hotel with invalid Number" depends-on-methods="hotelTS.hotelTC.bookHotelWithInvalidEmail" finished-at="2021-10-20T08:34:25Z">
          <reporter-output>
          </reporter-output>
        </test-method> <!-- bookHotelWithValidEmail -->
        <test-method status="PASS" signature="flush()[pri:0, instance:hotelTS.hotelTC@21de60b4]" name="flush" is-config="true" duration-ms="98" started-at="2021-10-20T08:34:25Z" finished-at="2021-10-20T08:34:25Z">
          <reporter-output>
          </reporter-output>
        </test-method> <!-- flush -->
        <test-method status="PASS" signature="bookHotelWithValidDetails()[pri:12, instance:hotelTS.hotelTC@21de60b4]" name="bookHotelWithValidDetails" duration-ms="1283" started-at="2021-10-20T08:34:25Z" description="Booking Hotel with all valid details" depends-on-methods="hotelTS.hotelTC.bookHotelWithValidEmail" finished-at="2021-10-20T08:34:26Z">
          <reporter-output>
          </reporter-output>
        </test-method> <!-- bookHotelWithValidDetails -->
        <test-method status="PASS" signature="flush()[pri:0, instance:hotelTS.hotelTC@21de60b4]" name="flush" is-config="true" duration-ms="135" started-at="2021-10-20T08:34:26Z" finished-at="2021-10-20T08:34:26Z">
          <reporter-output>
          </reporter-output>
        </test-method> <!-- flush -->
        <test-method status="PASS" signature="afterTest()[pri:0, instance:hotelTS.hotelTC@21de60b4]" name="afterTest" is-config="true" duration-ms="924" started-at="2021-10-20T08:34:26Z" finished-at="2021-10-20T08:34:27Z">
          <reporter-output>
          </reporter-output>
        </test-method> <!-- afterTest -->
      </class> <!-- hotelTS.hotelTC -->
    </test> <!-- Default test -->
  </suite> <!-- Default suite -->
</testng-results>
