<?xml version="1.0" encoding="UTF-8"?>
<!-- Generated by org.testng.reporters.JUnitXMLReporter -->
<testsuite hostname="DESKTOP-79SRAMQ" ignored="0" name="Test" tests="12" failures="0" timestamp="05 Oct 2021 03:22:29 GMT" time="24.92" errors="0">
  <testcase name="Url1" time="4.829" classname="hotelTS.hotelTC"/>
  <testcase name="withoutEnteringLocation" time="1.868" classname="hotelTS.hotelTC"/>
  <testcase name="testingSearchPageWithNoRooms" time="3.644" classname="hotelTS.hotelTC"/>
  <testcase name="testingSearchPageWithNoAdults" time="0.152" classname="hotelTS.hotelTC"/>
  <testcase name="testingSearchPageWithMaxRooms" time="2.883" classname="hotelTS.hotelTC"/>
  <testcase name="testingSearchPageWithMoreThan16Adults" time="0.576" classname="hotelTS.hotelTC"/>
  <testcase name="childLimit" time="0.104" classname="hotelTS.hotelTC"/>
  <testcase name="testingSearchPageWithValidDetails" time="0.664" classname="hotelTS.hotelTC"/>
  <testcase name="bookHotelWithNoName" time="4.972" classname="hotelTS.hotelTC"/>
  <testcase name="bookHotelWithInvalidEmail" time="1.064" classname="hotelTS.hotelTC"/>
  <testcase name="bookHotelWithValidEmail" time="0.821" classname="hotelTS.hotelTC"/>
  <testcase name="bookHotelWithValidDetails" time="0.762" classname="hotelTS.hotelTC"/>
</testsuite> <!-- Test -->
